<?xml version="1.0" encoding="UTF-8"?>
<!-- Generated by org.testng.reporters.JUnitXMLReporter -->
<testsuite ignored="2" hostname="DESKTOP-VCG2A86" failures="0" tests="1" name="Default test" time="30.49" errors="0" timestamp="2021-10-23T13:38:09 IST">
  <testcase classname="script.TestCase" name="Test_Login" time="12.754"/>
  <testcase classname="script.TestCase" name="Test_CreateFolder" time="0.0">
    <ignored/>
  </testcase> <!-- Test_CreateFolder -->
  <testcase classname="script.TestCase" name="Test_FileUpload" time="0.0">
    <ignored/>
  </testcase> <!-- Test_FileUpload -->
</testsuite> <!-- Default test -->
