<?xml version="1.0" encoding="UTF-8"?>
<!-- Generated by org.testng.reporters.JUnitXMLReporter -->
<testsuite hostname="DESKTOP-VCG2A86" ignored="2" name="Test" tests="1" failures="0" timestamp="2021-10-23T13:59:10 IST" time="46.859" errors="0">
  <testcase name="Test_Login" time="14.703" classname="script.TestCase"/>
  <testcase name="Test_CreateFolder" time="0.0" classname="script.TestCase">
    <ignored/>
  </testcase> <!-- Test_CreateFolder -->
  <testcase name="Test_FileUpload" time="0.0" classname="script.TestCase">
    <ignored/>
  </testcase> <!-- Test_FileUpload -->
</testsuite> <!-- Test -->
