<?xml version="1.0" encoding="UTF-8"?>
<testng-results ignored="2" total="3" passed="1" failed="0" skipped="0">
  <reporter-output>
  </reporter-output>
  <suite started-at="2021-10-23T13:41:06 IST" name="Suite" finished-at="2021-10-23T13:41:36 IST" duration-ms="29917">
    <groups>
    </groups>
    <test started-at="2021-10-23T13:41:06 IST" name="Test" finished-at="2021-10-23T13:41:36 IST" duration-ms="29917">
      <class name="script.TestCase">
        <test-method is-config="true" signature="Prelaunch()[pri:0, instance:script.TestCase@3d5c822d]" started-at="2021-10-23T13:41:06 IST" name="Prelaunch" finished-at="2021-10-23T13:41:06 IST" duration-ms="643" status="PASS">
          <reporter-output>
          </reporter-output>
        </test-method> <!-- Prelaunch -->
        <test-method is-config="true" signature="precondition()[pri:0, instance:script.TestCase@3d5c822d]" started-at="2021-10-23T13:41:07 IST" name="precondition" finished-at="2021-10-23T13:41:24 IST" duration-ms="17079" status="PASS">
          <reporter-output>
          </reporter-output>
        </test-method> <!-- precondition -->
        <test-method signature="Test_Login()[pri:0, instance:script.TestCase@3d5c822d]" started-at="2021-10-23T13:41:24 IST" name="Test_Login" finished-at="2021-10-23T13:41:36 IST" duration-ms="12278" status="PASS">
          <reporter-output>
          </reporter-output>
        </test-method> <!-- Test_Login -->
        <test-method is-config="true" signature="postcondition()[pri:0, instance:script.TestCase@3d5c822d]" started-at="2021-10-23T13:41:36 IST" name="postcondition" finished-at="2021-10-23T13:41:36 IST" duration-ms="1" status="PASS">
          <reporter-output>
          </reporter-output>
        </test-method> <!-- postcondition -->
      </class> <!-- script.TestCase -->
    </test> <!-- Test -->
  </suite> <!-- Suite -->
</testng-results>
